[2022-08-21T22:50:07Z] DEBUG    - Logging set up successfully
[2022-08-21T22:50:07Z] DEBUG    - Running None: Namespace(artifact_type=None, command=<function init at 0x7f8cd98a01f0>, endpoint_url=None, force=False, region=None, subparser_name=None, target_schemas=[], type_name=None, verbose=0, version=False)
[2022-08-21T22:50:07Z] DEBUG    - Root directory: /mnt/c/Users/evere/Documents/Proyectos/forcloudlabs/cfn-module
[2022-08-21T22:50:07Z] WARNING  - Initializing new project
[2022-08-21T22:50:07Z] DEBUG    - Loading project file '/mnt/c/Users/evere/Documents/Proyectos/forcloudlabs/cfn-module/.rpdk-config'
[2022-08-21T22:50:37Z] DEBUG    - Resource type identifier: MYORG::IAM::DynamoDBScannerPolicyV1::MODULE
[2022-08-21T22:50:37Z] DEBUG    - Overwriting '/mnt/c/Users/evere/Documents/Proyectos/forcloudlabs/cfn-module/.rpdk-config'
[2022-08-21T22:50:37Z] DEBUG    - Fragment directory: /mnt/c/Users/evere/Documents/Proyectos/forcloudlabs/cfn-module/fragments
[2022-08-21T22:50:37Z] DEBUG    - Overwriting '/mnt/c/Users/evere/Documents/Proyectos/forcloudlabs/cfn-module/fragments/sample.json'
[2022-08-21T22:50:37Z] WARNING  - Initialized a new project in /mnt/c/Users/evere/Documents/Proyectos/forcloudlabs/cfn-module
[2022-08-21T22:50:37Z] DEBUG    - Finished None
[2022-08-21T23:16:14Z] DEBUG    - Logging set up successfully
[2022-08-21T23:16:14Z] DEBUG    - Running submit: Namespace(command=<function submit at 0x7fe2ade5bca0>, dry_run=False, endpoint_url=None, region=None, role_arn=None, set_default=False, subparser_name='submit', use_role=True, verbose=0, version=False)
[2022-08-21T23:16:14Z] DEBUG    - Root directory: /mnt/c/Users/evere/Documents/Proyectos/forcloudlabs/cfn-module
[2022-08-21T23:16:14Z] DEBUG    - Loading project file '/mnt/c/Users/evere/Documents/Proyectos/forcloudlabs/cfn-module/.rpdk-config'
[2022-08-21T23:16:14Z] INFO     - Validating your module fragments...
[2022-08-21T23:16:14Z] DEBUG    - Fragment directory: /mnt/c/Users/evere/Documents/Proyectos/forcloudlabs/cfn-module/fragments
[2022-08-21T23:16:17Z] DEBUG    - Search for key Ref as far down as the template goes
[2022-08-21T23:16:17Z] DEBUG    - Search for key Fn::Sub as far down as the template goes
[2022-08-21T23:16:17Z] DEBUG    - Search for key Fn::FindInMap as far down as the template goes
[2022-08-21T23:16:17Z] DEBUG    - Search for key Fn::Equals as far down as the template goes
[2022-08-21T23:16:17Z] DEBUG    - Transform templates if needed
[2022-08-21T23:16:17Z] INFO     - Run scan of template /mnt/c/Users/evere/Documents/Proyectos/forcloudlabs/cfn-module/fragments/sample.json
[2022-08-21T23:16:17Z] DEBUG    - Starting match function for rule E8004 at 2022-08-21 17:16:17.253024
[2022-08-21T23:16:17Z] DEBUG    - Search for key Fn::And as far down as the template goes
[2022-08-21T23:16:17Z] DEBUG    - Complete match function for rule E8004 at 2022-08-21 17:16:17.253746.  Ran in 0:00:00.000728
[2022-08-21T23:16:17Z] DEBUG    - Results from rule E8004 are []: 
[2022-08-21T23:16:17Z] DEBUG    - Starting match function for rule E8001 at 2022-08-21 17:16:17.254176
[2022-08-21T23:16:17Z] DEBUG    - Complete match function for rule E8001 at 2022-08-21 17:16:17.254381.  Ran in 0:00:00.000208
[2022-08-21T23:16:17Z] DEBUG    - Results from rule E8001 are []: 
[2022-08-21T23:16:17Z] DEBUG    - Starting match function for rule E8003 at 2022-08-21 17:16:17.254760
[2022-08-21T23:16:17Z] DEBUG    - Search for key Fn::Equals as far down as the template goes
[2022-08-21T23:16:17Z] DEBUG    - Complete match function for rule E8003 at 2022-08-21 17:16:17.255430.  Ran in 0:00:00.000677
[2022-08-21T23:16:17Z] DEBUG    - Results from rule E8003 are []: 
[2022-08-21T23:16:17Z] DEBUG    - Starting match function for rule E8002 at 2022-08-21 17:16:17.255840
[2022-08-21T23:16:17Z] DEBUG    - Search for key Fn::If as far down as the template goes
[2022-08-21T23:16:17Z] DEBUG    - Get resources from template...
[2022-08-21T23:16:17Z] DEBUG    - Search for key Condition as far down as the template goes
[2022-08-21T23:16:17Z] DEBUG    - Get outputs from template...
[2022-08-21T23:16:17Z] DEBUG    - Complete match function for rule E8002 at 2022-08-21 17:16:17.257086.  Ran in 0:00:00.001253
[2022-08-21T23:16:17Z] DEBUG    - Results from rule E8002 are []: 
[2022-08-21T23:16:17Z] DEBUG    - Starting match function for rule E8005 at 2022-08-21 17:16:17.257539
[2022-08-21T23:16:17Z] DEBUG    - Search for key Fn::Not as far down as the template goes
[2022-08-21T23:16:17Z] DEBUG    - Complete match function for rule E8005 at 2022-08-21 17:16:17.257962.  Ran in 0:00:00.000427
[2022-08-21T23:16:17Z] DEBUG    - Results from rule E8005 are []: 
[2022-08-21T23:16:17Z] DEBUG    - Starting match function for rule E8006 at 2022-08-21 17:16:17.258319
[2022-08-21T23:16:17Z] DEBUG    - Search for key Fn::Or as far down as the template goes
[2022-08-21T23:16:17Z] DEBUG    - Complete match function for rule E8006 at 2022-08-21 17:16:17.258692.  Ran in 0:00:00.000377
[2022-08-21T23:16:17Z] DEBUG    - Results from rule E8006 are []: 
[2022-08-21T23:16:17Z] DEBUG    - Starting match function for rule W8001 at 2022-08-21 17:16:17.259050
[2022-08-21T23:16:17Z] DEBUG    - Complete match function for rule W8001 at 2022-08-21 17:16:17.259235.  Ran in 0:00:00.000188
[2022-08-21T23:16:17Z] DEBUG    - Results from rule W8001 are []: 
[2022-08-21T23:16:17Z] DEBUG    - Starting match function for rule E1021 at 2022-08-21 17:16:17.259581
[2022-08-21T23:16:17Z] DEBUG    - Search for key Fn::Base64 as far down as the template goes
[2022-08-21T23:16:17Z] DEBUG    - Complete match function for rule E1021 at 2022-08-21 17:16:17.259957.  Ran in 0:00:00.000380
[2022-08-21T23:16:17Z] DEBUG    - Results from rule E1021 are []: 
[2022-08-21T23:16:17Z] DEBUG    - Starting match function for rule E1024 at 2022-08-21 17:16:17.260295
[2022-08-21T23:16:17Z] DEBUG    - Search for key Fn::Cidr as far down as the template goes
[2022-08-21T23:16:17Z] DEBUG    - Complete match function for rule E1024 at 2022-08-21 17:16:17.260665.  Ran in 0:00:00.000375
[2022-08-21T23:16:17Z] DEBUG    - Results from rule E1024 are []: 
[2022-08-21T23:16:17Z] DEBUG    - Starting match function for rule E1011 at 2022-08-21 17:16:17.261012
[2022-08-21T23:16:17Z] DEBUG    - Search for key Fn::FindInMap as far down as the template goes
[2022-08-21T23:16:17Z] DEBUG    - Get mapping from template...
[2022-08-21T23:16:17Z] DEBUG    - Complete match function for rule E1011 at 2022-08-21 17:16:17.261552.  Ran in 0:00:00.000544
[2022-08-21T23:16:17Z] DEBUG    - Results from rule E1011 are []: 
[2022-08-21T23:16:17Z] DEBUG    - Starting match function for rule W1011 at 2022-08-21 17:16:17.261968
[2022-08-21T23:16:17Z] DEBUG    - Search for key Fn::FindInMap as far down as the template goes
[2022-08-21T23:16:17Z] DEBUG    - Get mapping from template...
[2022-08-21T23:16:17Z] DEBUG    - Complete match function for rule W1011 at 2022-08-21 17:16:17.262526.  Ran in 0:00:00.000563
[2022-08-21T23:16:17Z] DEBUG    - Results from rule W1011 are []: 
[2022-08-21T23:16:17Z] DEBUG    - Starting match function for rule E1010 at 2022-08-21 17:16:17.262869
[2022-08-21T23:16:17Z] DEBUG    - Search for key Fn::GetAtt as far down as the template goes
[2022-08-21T23:16:17Z] DEBUG    - Complete match function for rule E1010 at 2022-08-21 17:16:17.263265.  Ran in 0:00:00.000400
[2022-08-21T23:16:17Z] DEBUG    - Results from rule E1010 are []: 
[2022-08-21T23:16:17Z] DEBUG    - Starting match function for rule E1015 at 2022-08-21 17:16:17.263609
[2022-08-21T23:16:17Z] DEBUG    - Search for key Fn::GetAZs as far down as the template goes
[2022-08-21T23:16:17Z] DEBUG    - Complete match function for rule E1015 at 2022-08-21 17:16:17.264032.  Ran in 0:00:00.000427
[2022-08-21T23:16:17Z] DEBUG    - Results from rule E1015 are []: 
[2022-08-21T23:16:17Z] DEBUG    - Starting match function for rule E1028 at 2022-08-21 17:16:17.264374
[2022-08-21T23:16:17Z] DEBUG    - Search for key Fn::If as far down as the template goes
[2022-08-21T23:16:17Z] DEBUG    - Complete match function for rule E1028 at 2022-08-21 17:16:17.264741.  Ran in 0:00:00.000371
[2022-08-21T23:16:17Z] DEBUG    - Results from rule E1028 are []: 
[2022-08-21T23:16:17Z] DEBUG    - Starting match function for rule E1016 at 2022-08-21 17:16:17.265211
[2022-08-21T23:16:17Z] DEBUG    - Search for key Fn::ImportValue as far down as the template goes
[2022-08-21T23:16:17Z] DEBUG    - Complete match function for rule E1016 at 2022-08-21 17:16:17.265636.  Ran in 0:00:00.000433
[2022-08-21T23:16:17Z] DEBUG    - Results from rule E1016 are []: 
[2022-08-21T23:16:17Z] DEBUG    - Starting match function for rule E1022 at 2022-08-21 17:16:17.266117
[2022-08-21T23:16:17Z] DEBUG    - Search for key Fn::Join as far down as the template goes
[2022-08-21T23:16:17Z] DEBUG    - Complete match function for rule E1022 at 2022-08-21 17:16:17.266501.  Ran in 0:00:00.000389
[2022-08-21T23:16:17Z] DEBUG    - Results from rule E1022 are []: 
[2022-08-21T23:16:17Z] DEBUG    - Starting match function for rule E1023 at 2022-08-21 17:16:17.267366
[2022-08-21T23:16:17Z] DEBUG    - Search for key Fn::Not as far down as the template goes
[2022-08-21T23:16:17Z] DEBUG    - Complete match function for rule E1023 at 2022-08-21 17:16:17.268666.  Ran in 0:00:00.001312
[2022-08-21T23:16:17Z] DEBUG    - Results from rule E1023 are []: 
[2022-08-21T23:16:17Z] DEBUG    - Starting match function for rule E1020 at 2022-08-21 17:16:17.269288
[2022-08-21T23:16:17Z] DEBUG    - Search for key Ref as far down as the template goes
[2022-08-21T23:16:17Z] DEBUG    - Complete match function for rule E1020 at 2022-08-21 17:16:17.269759.  Ran in 0:00:00.000477
[2022-08-21T23:16:17Z] DEBUG    - Results from rule E1020 are []: 
[2022-08-21T23:16:17Z] DEBUG    - Starting match function for rule E1012 at 2022-08-21 17:16:17.270247
[2022-08-21T23:16:17Z] DEBUG    - Search for key Ref as far down as the template goes
[2022-08-21T23:16:17Z] DEBUG    - Complete match function for rule E1012 at 2022-08-21 17:16:17.270931.  Ran in 0:00:00.000691
[2022-08-21T23:16:17Z] DEBUG    - Results from rule E1012 are []: 
[2022-08-21T23:16:17Z] DEBUG    - Starting match function for rule E1026 at 2022-08-21 17:16:17.271449
[2022-08-21T23:16:17Z] DEBUG    - Search for key Ref as far down as the template goes
[2022-08-21T23:16:17Z] DEBUG    - Get the names of all resources from template...
[2022-08-21T23:16:17Z] DEBUG    - Complete match function for rule E1026 at 2022-08-21 17:16:17.272657.  Ran in 0:00:00.001216
[2022-08-21T23:16:17Z] DEBUG    - Results from rule E1026 are []: 
[2022-08-21T23:16:17Z] DEBUG    - Starting match function for rule W1001 at 2022-08-21 17:16:17.273135
[2022-08-21T23:16:17Z] DEBUG    - Search for key Ref as far down as the template goes
[2022-08-21T23:16:17Z] DEBUG    - Get conditions for path ['Resources', 'IAMPolicy', 'Properties', 'ManagedPolicyName', 'Fn::Sub', 1, 'Prefix', 'Ref', 'NamePrefix']
[2022-08-21T23:16:17Z] DEBUG    - Get conditions for path ['IAMPolicy', 'Properties', 'ManagedPolicyName', 'Fn::Sub', 1, 'Prefix', 'Ref', 'NamePrefix']
[2022-08-21T23:16:17Z] DEBUG    - Get conditions for path ['Properties', 'ManagedPolicyName', 'Fn::Sub', 1, 'Prefix', 'Ref', 'NamePrefix']
[2022-08-21T23:16:17Z] DEBUG    - Get conditions for path ['ManagedPolicyName', 'Fn::Sub', 1, 'Prefix', 'Ref', 'NamePrefix']
[2022-08-21T23:16:17Z] DEBUG    - Get conditions for path ['Fn::Sub', 1, 'Prefix', 'Ref', 'NamePrefix']
[2022-08-21T23:16:17Z] DEBUG    - Get conditions for path [1, 'Prefix', 'Ref', 'NamePrefix']
[2022-08-21T23:16:17Z] DEBUG    - Get conditions for path ['Prefix', 'Ref', 'NamePrefix']
[2022-08-21T23:16:17Z] DEBUG    - Get conditions for path ['Ref', 'NamePrefix']
[2022-08-21T23:16:17Z] DEBUG    - Get conditions for path ['NamePrefix']
[2022-08-21T23:16:17Z] DEBUG    - Get conditions for path ['Resources', 'IAMPolicy', 'Properties', 'PolicyDocument', 'Statement', 0, 'Resource', 'Ref', 'TableArn']
[2022-08-21T23:16:17Z] DEBUG    - Get conditions for path ['IAMPolicy', 'Properties', 'PolicyDocument', 'Statement', 0, 'Resource', 'Ref', 'TableArn']
[2022-08-21T23:16:17Z] DEBUG    - Get conditions for path ['Properties', 'PolicyDocument', 'Statement', 0, 'Resource', 'Ref', 'TableArn']
[2022-08-21T23:16:17Z] DEBUG    - Get conditions for path ['PolicyDocument', 'Statement', 0, 'Resource', 'Ref', 'TableArn']
[2022-08-21T23:16:17Z] DEBUG    - Get conditions for path ['Statement', 0, 'Resource', 'Ref', 'TableArn']
[2022-08-21T23:16:17Z] DEBUG    - Get conditions for path [0, 'Resource', 'Ref', 'TableArn']
[2022-08-21T23:16:17Z] DEBUG    - Get conditions for path ['Resource', 'Ref', 'TableArn']
[2022-08-21T23:16:17Z] DEBUG    - Get conditions for path ['Ref', 'TableArn']
[2022-08-21T23:16:17Z] DEBUG    - Get conditions for path ['TableArn']
[2022-08-21T23:16:17Z] DEBUG    - Search for key Fn::GetAtt as far down as the template goes
[2022-08-21T23:16:17Z] DEBUG    - Complete match function for rule W1001 at 2022-08-21 17:16:17.278144.  Ran in 0:00:00.005017
[2022-08-21T23:16:17Z] DEBUG    - Results from rule W1001 are []: 
[2022-08-21T23:16:17Z] DEBUG    - Starting match function for rule E1017 at 2022-08-21 17:16:17.278503
[2022-08-21T23:16:17Z] DEBUG    - Search for key Fn::Select as far down as the template goes
[2022-08-21T23:16:17Z] DEBUG    - Complete match function for rule E1017 at 2022-08-21 17:16:17.278949.  Ran in 0:00:00.000452
[2022-08-21T23:16:17Z] DEBUG    - Results from rule E1017 are []: 
[2022-08-21T23:16:17Z] DEBUG    - Starting match function for rule E1018 at 2022-08-21 17:16:17.279320
[2022-08-21T23:16:17Z] DEBUG    - Search for key Fn::Split as far down as the template goes
[2022-08-21T23:16:17Z] DEBUG    - Complete match function for rule E1018 at 2022-08-21 17:16:17.279692.  Ran in 0:00:00.000376
[2022-08-21T23:16:17Z] DEBUG    - Results from rule E1018 are []: 
[2022-08-21T23:16:17Z] DEBUG    - Starting match function for rule E1019 at 2022-08-21 17:16:17.280045
[2022-08-21T23:16:17Z] DEBUG    - Search for key Fn::Sub as far down as the template goes
[2022-08-21T23:16:17Z] DEBUG    - Get the names of all resources from template...
[2022-08-21T23:16:17Z] DEBUG    - Get the names of all resources from template...
[2022-08-21T23:16:17Z] DEBUG    - Complete match function for rule E1019 at 2022-08-21 17:16:17.282071.  Ran in 0:00:00.002037
[2022-08-21T23:16:17Z] DEBUG    - Results from rule E1019 are []: 
[2022-08-21T23:16:17Z] DEBUG    - Starting match function for rule E1029 at 2022-08-21 17:16:17.282932
[2022-08-21T23:16:17Z] DEBUG    - Complete match function for rule E1029 at 2022-08-21 17:16:17.283269.  Ran in 0:00:00.000341
[2022-08-21T23:16:17Z] DEBUG    - Results from rule E1029 are []: 
[2022-08-21T23:16:17Z] DEBUG    - Starting match function for rule W1019 at 2022-08-21 17:16:17.283670
[2022-08-21T23:16:17Z] DEBUG    - Complete match function for rule W1019 at 2022-08-21 17:16:17.283976.  Ran in 0:00:00.000311
[2022-08-21T23:16:17Z] DEBUG    - Results from rule W1019 are []: 
[2022-08-21T23:16:17Z] DEBUG    - Starting match function for rule W1020 at 2022-08-21 17:16:17.284660
[2022-08-21T23:16:17Z] DEBUG    - Complete match function for rule W1020 at 2022-08-21 17:16:17.285117.  Ran in 0:00:00.000469
[2022-08-21T23:16:17Z] DEBUG    - Results from rule W1020 are []: 
[2022-08-21T23:16:17Z] DEBUG    - Starting match function for rule E7001 at 2022-08-21 17:16:17.286103
[2022-08-21T23:16:17Z] DEBUG    - Complete match function for rule E7001 at 2022-08-21 17:16:17.286577.  Ran in 0:00:00.000503
[2022-08-21T23:16:17Z] DEBUG    - Results from rule E7001 are []: 
[2022-08-21T23:16:17Z] DEBUG    - Starting match function for rule E7003 at 2022-08-21 17:16:17.287443
[2022-08-21T23:16:17Z] DEBUG    - Complete match function for rule E7003 at 2022-08-21 17:16:17.287745.  Ran in 0:00:00.000307
[2022-08-21T23:16:17Z] DEBUG    - Results from rule E7003 are []: 
[2022-08-21T23:16:17Z] DEBUG    - Starting match function for rule E7012 at 2022-08-21 17:16:17.288355
[2022-08-21T23:16:17Z] DEBUG    - Complete match function for rule E7012 at 2022-08-21 17:16:17.288571.  Ran in 0:00:00.000219
[2022-08-21T23:16:17Z] DEBUG    - Results from rule E7012 are []: 
[2022-08-21T23:16:17Z] DEBUG    - Starting match function for rule E7011 at 2022-08-21 17:16:17.288978
[2022-08-21T23:16:17Z] DEBUG    - Complete match function for rule E7011 at 2022-08-21 17:16:17.289222.  Ran in 0:00:00.000249
[2022-08-21T23:16:17Z] DEBUG    - Results from rule E7011 are []: 
[2022-08-21T23:16:17Z] DEBUG    - Starting match function for rule E7010 at 2022-08-21 17:16:17.289666
[2022-08-21T23:16:17Z] DEBUG    - Complete match function for rule E7010 at 2022-08-21 17:16:17.289867.  Ran in 0:00:00.000205
[2022-08-21T23:16:17Z] DEBUG    - Results from rule E7010 are []: 
[2022-08-21T23:16:17Z] DEBUG    - Starting match function for rule E7002 at 2022-08-21 17:16:17.290226
[2022-08-21T23:16:17Z] DEBUG    - Complete match function for rule E7002 at 2022-08-21 17:16:17.290416.  Ran in 0:00:00.000193
[2022-08-21T23:16:17Z] DEBUG    - Results from rule E7002 are []: 
[2022-08-21T23:16:17Z] DEBUG    - Starting match function for rule W7001 at 2022-08-21 17:16:17.290796
[2022-08-21T23:16:17Z] DEBUG    - Complete match function for rule W7001 at 2022-08-21 17:16:17.290979.  Ran in 0:00:00.000186
[2022-08-21T23:16:17Z] DEBUG    - Results from rule W7001 are []: 
[2022-08-21T23:16:17Z] DEBUG    - Starting match function for rule E4002 at 2022-08-21 17:16:17.291326
[2022-08-21T23:16:17Z] DEBUG    - Complete match function for rule E4002 at 2022-08-21 17:16:17.291512.  Ran in 0:00:00.000190
[2022-08-21T23:16:17Z] DEBUG    - Results from rule E4002 are []: 
[2022-08-21T23:16:17Z] DEBUG    - Starting match function for rule E4001 at 2022-08-21 17:16:17.291867
[2022-08-21T23:16:17Z] DEBUG    - Complete match function for rule E4001 at 2022-08-21 17:16:17.292044.  Ran in 0:00:00.000180
[2022-08-21T23:16:17Z] DEBUG    - Results from rule E4001 are []: 
[2022-08-21T23:16:17Z] DEBUG    - Starting match function for rule W4001 at 2022-08-21 17:16:17.292379
[2022-08-21T23:16:17Z] DEBUG    - Get names of all parameters from template...
[2022-08-21T23:16:17Z] DEBUG    - Complete match function for rule W4001 at 2022-08-21 17:16:17.292740.  Ran in 0:00:00.000365
[2022-08-21T23:16:17Z] DEBUG    - Results from rule W4001 are []: 
[2022-08-21T23:16:17Z] DEBUG    - Starting match function for rule E6001 at 2022-08-21 17:16:17.293083
[2022-08-21T23:16:17Z] DEBUG    - Complete match function for rule E6001 at 2022-08-21 17:16:17.293263.  Ran in 0:00:00.000183
[2022-08-21T23:16:17Z] DEBUG    - Results from rule E6001 are []: 
[2022-08-21T23:16:17Z] DEBUG    - Starting match function for rule E6005 at 2022-08-21 17:16:17.293611
[2022-08-21T23:16:17Z] DEBUG    - Get outputs from template...
[2022-08-21T23:16:17Z] DEBUG    - Complete match function for rule E6005 at 2022-08-21 17:16:17.293967.  Ran in 0:00:00.000360
[2022-08-21T23:16:17Z] DEBUG    - Results from rule E6005 are []: 
[2022-08-21T23:16:17Z] DEBUG    - Starting match function for rule W6001 at 2022-08-21 17:16:17.294311
[2022-08-21T23:16:17Z] DEBUG    - Search for key Fn::ImportValue as far down as the template goes
[2022-08-21T23:16:17Z] DEBUG    - Complete match function for rule W6001 at 2022-08-21 17:16:17.294696.  Ran in 0:00:00.000390
[2022-08-21T23:16:17Z] DEBUG    - Results from rule W6001 are []: 
[2022-08-21T23:16:17Z] DEBUG    - Starting match function for rule E6012 at 2022-08-21 17:16:17.295037
[2022-08-21T23:16:17Z] DEBUG    - Get outputs from template...
[2022-08-21T23:16:17Z] DEBUG    - Complete match function for rule E6012 at 2022-08-21 17:16:17.295406.  Ran in 0:00:00.000375
[2022-08-21T23:16:17Z] DEBUG    - Results from rule E6012 are []: 
[2022-08-21T23:16:17Z] DEBUG    - Starting match function for rule E6011 at 2022-08-21 17:16:17.296106
[2022-08-21T23:16:17Z] DEBUG    - Complete match function for rule E6011 at 2022-08-21 17:16:17.296440.  Ran in 0:00:00.000339
[2022-08-21T23:16:17Z] DEBUG    - Results from rule E6011 are []: 
[2022-08-21T23:16:17Z] DEBUG    - Starting match function for rule E6010 at 2022-08-21 17:16:17.297197
[2022-08-21T23:16:17Z] DEBUG    - Complete match function for rule E6010 at 2022-08-21 17:16:17.297635.  Ran in 0:00:00.000446
[2022-08-21T23:16:17Z] DEBUG    - Results from rule E6010 are []: 
[2022-08-21T23:16:17Z] DEBUG    - Starting match function for rule E6004 at 2022-08-21 17:16:17.298232
[2022-08-21T23:16:17Z] DEBUG    - Complete match function for rule E6004 at 2022-08-21 17:16:17.298470.  Ran in 0:00:00.000241
[2022-08-21T23:16:17Z] DEBUG    - Results from rule E6004 are []: 
[2022-08-21T23:16:17Z] DEBUG    - Starting match function for rule E6002 at 2022-08-21 17:16:17.298849
[2022-08-21T23:16:17Z] DEBUG    - Complete match function for rule E6002 at 2022-08-21 17:16:17.299038.  Ran in 0:00:00.000192
[2022-08-21T23:16:17Z] DEBUG    - Results from rule E6002 are []: 
[2022-08-21T23:16:17Z] DEBUG    - Starting match function for rule E6003 at 2022-08-21 17:16:17.299393
[2022-08-21T23:16:17Z] DEBUG    - Search for key Fn::GetAtt as far down as the template goes
[2022-08-21T23:16:17Z] DEBUG    - Search for key Ref as far down as the template goes
[2022-08-21T23:16:17Z] DEBUG    - Complete match function for rule E6003 at 2022-08-21 17:16:17.300077.  Ran in 0:00:00.000690
[2022-08-21T23:16:17Z] DEBUG    - Results from rule E6003 are []: 
[2022-08-21T23:16:17Z] DEBUG    - Starting match function for rule E2001 at 2022-08-21 17:16:17.300489
[2022-08-21T23:16:17Z] DEBUG    - Get parameters from template...
[2022-08-21T23:16:17Z] DEBUG    - Complete match function for rule E2001 at 2022-08-21 17:16:17.300975.  Ran in 0:00:00.000494
[2022-08-21T23:16:17Z] DEBUG    - Results from rule E2001 are []: 
[2022-08-21T23:16:17Z] DEBUG    - Starting match function for rule E2015 at 2022-08-21 17:16:17.301620
[2022-08-21T23:16:17Z] DEBUG    - Get parameters from template...
[2022-08-21T23:16:17Z] DEBUG    - Complete match function for rule E2015 at 2022-08-21 17:16:17.302031.  Ran in 0:00:00.000416
[2022-08-21T23:16:17Z] DEBUG    - Results from rule E2015 are []: 
[2022-08-21T23:16:17Z] DEBUG    - Starting match function for rule E2014 at 2022-08-21 17:16:17.302690
[2022-08-21T23:16:17Z] DEBUG    - Search for key Ref as far down as the template goes
[2022-08-21T23:16:17Z] DEBUG    - Complete match function for rule E2014 at 2022-08-21 17:16:17.303203.  Ran in 0:00:00.000519
[2022-08-21T23:16:17Z] DEBUG    - Results from rule E2014 are []: 
[2022-08-21T23:16:17Z] DEBUG    - Starting match function for rule E2011 at 2022-08-21 17:16:17.303604
[2022-08-21T23:16:17Z] DEBUG    - Complete match function for rule E2011 at 2022-08-21 17:16:17.303872.  Ran in 0:00:00.000271
[2022-08-21T23:16:17Z] DEBUG    - Results from rule E2011 are []: 
[2022-08-21T23:16:17Z] DEBUG    - Starting match function for rule E2010 at 2022-08-21 17:16:17.304290
[2022-08-21T23:16:17Z] DEBUG    - Complete match function for rule E2010 at 2022-08-21 17:16:17.304507.  Ran in 0:00:00.000220
[2022-08-21T23:16:17Z] DEBUG    - Results from rule E2010 are []: 
[2022-08-21T23:16:17Z] DEBUG    - Starting match function for rule E2012 at 2022-08-21 17:16:17.304899
[2022-08-21T23:16:17Z] DEBUG    - Get parameters from template...
[2022-08-21T23:16:17Z] DEBUG    - Complete match function for rule E2012 at 2022-08-21 17:16:17.305261.  Ran in 0:00:00.000366
[2022-08-21T23:16:17Z] DEBUG    - Results from rule E2012 are []: 
[2022-08-21T23:16:17Z] DEBUG    - Starting match function for rule E2003 at 2022-08-21 17:16:17.305625
[2022-08-21T23:16:17Z] DEBUG    - Complete match function for rule E2003 at 2022-08-21 17:16:17.305833.  Ran in 0:00:00.000211
[2022-08-21T23:16:17Z] DEBUG    - Results from rule E2003 are []: 
[2022-08-21T23:16:17Z] DEBUG    - Starting match function for rule E2002 at 2022-08-21 17:16:17.306172
[2022-08-21T23:16:17Z] DEBUG    - Get parameters from template...
[2022-08-21T23:16:17Z] DEBUG    - Complete match function for rule E2002 at 2022-08-21 17:16:17.306540.  Ran in 0:00:00.000372
[2022-08-21T23:16:17Z] DEBUG    - Results from rule E2002 are []: 
[2022-08-21T23:16:17Z] DEBUG    - Starting match function for rule W2001 at 2022-08-21 17:16:17.306906
[2022-08-21T23:16:17Z] DEBUG    - Get parameters from template...
[2022-08-21T23:16:17Z] DEBUG    - Complete match function for rule W2001 at 2022-08-21 17:16:17.307652.  Ran in 0:00:00.000752
[2022-08-21T23:16:17Z] DEBUG    - Results from rule W2001 are []: 
[2022-08-21T23:16:17Z] DEBUG    - Starting match function for rule W3011 at 2022-08-21 17:16:17.308010
[2022-08-21T23:16:17Z] DEBUG    - Get resources from template...
[2022-08-21T23:16:17Z] DEBUG    - Complete match function for rule W3011 at 2022-08-21 17:16:17.308487.  Ran in 0:00:00.000484
[2022-08-21T23:16:17Z] DEBUG    - Results from rule W3011 are []: 
[2022-08-21T23:16:17Z] DEBUG    - Starting match function for rule E3004 at 2022-08-21 17:16:17.308878
[2022-08-21T23:16:17Z] DEBUG    - Search for key Ref as far down as the template goes
[2022-08-21T23:16:17Z] DEBUG    - Search for key Fn::GetAtt as far down as the template goes
[2022-08-21T23:16:17Z] DEBUG    - Search for key Fn::Sub as far down as the template goes
[2022-08-21T23:16:17Z] DEBUG    - Complete match function for rule E3004 at 2022-08-21 17:16:17.309898.  Ran in 0:00:00.001028
[2022-08-21T23:16:17Z] DEBUG    - Results from rule E3004 are []: 
[2022-08-21T23:16:17Z] DEBUG    - Starting match function for rule E3001 at 2022-08-21 17:16:17.310284
[2022-08-21T23:16:17Z] DEBUG    - Validating resource IAMPolicy base configuration
[2022-08-21T23:16:17Z] DEBUG    - Check resource types by region...
[2022-08-21T23:16:17Z] DEBUG    - Complete match function for rule E3001 at 2022-08-21 17:16:17.310951.  Ran in 0:00:00.000672
[2022-08-21T23:16:17Z] DEBUG    - Results from rule E3001 are []: 
[2022-08-21T23:16:17Z] DEBUG    - Starting match function for rule E3035 at 2022-08-21 17:16:17.311297
[2022-08-21T23:16:17Z] DEBUG    - Get resources from template...
[2022-08-21T23:16:17Z] DEBUG    - Complete match function for rule E3035 at 2022-08-21 17:16:17.312993.  Ran in 0:00:00.001711
[2022-08-21T23:16:17Z] DEBUG    - Results from rule E3035 are []: 
[2022-08-21T23:16:17Z] DEBUG    - Starting match function for rule E3005 at 2022-08-21 17:16:17.314246
[2022-08-21T23:16:17Z] DEBUG    - Get resources from template...
[2022-08-21T23:16:17Z] DEBUG    - Complete match function for rule E3005 at 2022-08-21 17:16:17.315163.  Ran in 0:00:00.000934
[2022-08-21T23:16:17Z] DEBUG    - Results from rule E3005 are []: 
[2022-08-21T23:16:17Z] DEBUG    - Starting match function for rule W3005 at 2022-08-21 17:16:17.316130
[2022-08-21T23:16:17Z] DEBUG    - Get resources from template...
[2022-08-21T23:16:17Z] DEBUG    - Complete match function for rule W3005 at 2022-08-21 17:16:17.316818.  Ran in 0:00:00.000698
[2022-08-21T23:16:17Z] DEBUG    - Results from rule W3005 are []: 
[2022-08-21T23:16:17Z] DEBUG    - Starting match function for rule E3011 at 2022-08-21 17:16:17.317337
[2022-08-21T23:16:17Z] DEBUG    - Complete match function for rule E3011 at 2022-08-21 17:16:17.317560.  Ran in 0:00:00.000226
[2022-08-21T23:16:17Z] DEBUG    - Results from rule E3011 are []: 
[2022-08-21T23:16:17Z] DEBUG    - Starting match function for rule E3010 at 2022-08-21 17:16:17.318011
[2022-08-21T23:16:17Z] DEBUG    - Get resources from template...
[2022-08-21T23:16:17Z] DEBUG    - Complete match function for rule E3010 at 2022-08-21 17:16:17.318524.  Ran in 0:00:00.000518
[2022-08-21T23:16:17Z] DEBUG    - Results from rule E3010 are []: 
[2022-08-21T23:16:17Z] DEBUG    - Starting match function for rule E5001 at 2022-08-21 17:16:17.318923
[2022-08-21T23:16:17Z] DEBUG    - Get resources from template...
[2022-08-21T23:16:17Z] DEBUG    - Complete match function for rule E5001 at 2022-08-21 17:16:17.319437.  Ran in 0:00:00.000521
[2022-08-21T23:16:17Z] DEBUG    - Results from rule E5001 are []: 
[2022-08-21T23:16:17Z] DEBUG    - Starting match function for rule E3006 at 2022-08-21 17:16:17.319821
[2022-08-21T23:16:17Z] DEBUG    - Complete match function for rule E3006 at 2022-08-21 17:16:17.320016.  Ran in 0:00:00.000198
[2022-08-21T23:16:17Z] DEBUG    - Results from rule E3006 are []: 
[2022-08-21T23:16:17Z] DEBUG    - Starting match function for rule W4002 at 2022-08-21 17:16:17.320357
[2022-08-21T23:16:17Z] DEBUG    - Get parameters from template...
[2022-08-21T23:16:17Z] DEBUG    - Complete match function for rule W4002 at 2022-08-21 17:16:17.320722.  Ran in 0:00:00.000369
[2022-08-21T23:16:17Z] DEBUG    - Results from rule W4002 are []: 
[2022-08-21T23:16:17Z] DEBUG    - Starting match function for rule E3000 at 2022-08-21 17:16:17.321071
[2022-08-21T23:16:17Z] DEBUG    - Complete match function for rule E3000 at 2022-08-21 17:16:17.321251.  Ran in 0:00:00.000184
[2022-08-21T23:16:17Z] DEBUG    - Results from rule E3000 are []: 
[2022-08-21T23:16:17Z] DEBUG    - Starting match function for rule E3038 at 2022-08-21 17:16:17.321603
[2022-08-21T23:16:17Z] DEBUG    - Get resources from template...
[2022-08-21T23:16:17Z] DEBUG    - Complete match function for rule E3038 at 2022-08-21 17:16:17.321972.  Ran in 0:00:00.000373
[2022-08-21T23:16:17Z] DEBUG    - Results from rule E3038 are []: 
[2022-08-21T23:16:17Z] DEBUG    - Starting match function for rule E3007 at 2022-08-21 17:16:17.322313
[2022-08-21T23:16:17Z] DEBUG    - Get resources from template...
[2022-08-21T23:16:17Z] DEBUG    - Complete match function for rule E3007 at 2022-08-21 17:16:17.322681.  Ran in 0:00:00.000372
[2022-08-21T23:16:17Z] DEBUG    - Results from rule E3007 are []: 
[2022-08-21T23:16:17Z] DEBUG    - Starting match function for rule E3036 at 2022-08-21 17:16:17.323027
[2022-08-21T23:16:17Z] DEBUG    - Get resources from template...
[2022-08-21T23:16:17Z] DEBUG    - Complete match function for rule E3036 at 2022-08-21 17:16:17.323377.  Ran in 0:00:00.000354
[2022-08-21T23:16:17Z] DEBUG    - Results from rule E3036 are []: 
[2022-08-21T23:16:17Z] DEBUG    - Starting match function for rule E3504 at 2022-08-21 17:16:17.323736
[2022-08-21T23:16:17Z] DEBUG    - Get Properties from a resource: ['AWS::Backup::BackupPlan', 'BackupPlan', 'BackupPlanRule', 'Lifecycle']
[2022-08-21T23:16:17Z] DEBUG    - Get resources from template...
[2022-08-21T23:16:17Z] DEBUG    - Complete match function for rule E3504 at 2022-08-21 17:16:17.324376.  Ran in 0:00:00.000645
[2022-08-21T23:16:17Z] DEBUG    - Results from rule E3504 are []: 
[2022-08-21T23:16:17Z] DEBUG    - Starting match function for rule E3013 at 2022-08-21 17:16:17.324739
[2022-08-21T23:16:17Z] DEBUG    - Get Properties from a resource: ['AWS::CloudFront::Distribution', 'DistributionConfig']
[2022-08-21T23:16:17Z] DEBUG    - Get resources from template...
[2022-08-21T23:16:17Z] DEBUG    - Complete match function for rule E3013 at 2022-08-21 17:16:17.325729.  Ran in 0:00:00.000997
[2022-08-21T23:16:17Z] DEBUG    - Results from rule E3013 are []: 
[2022-08-21T23:16:17Z] DEBUG    - Starting match function for rule E2541 at 2022-08-21 17:16:17.326083
[2022-08-21T23:16:17Z] DEBUG    - Get Properties from a resource: ['AWS::CodePipeline::Pipeline']
[2022-08-21T23:16:17Z] DEBUG    - Get resources from template...
[2022-08-21T23:16:17Z] DEBUG    - Complete match function for rule E2541 at 2022-08-21 17:16:17.326623.  Ran in 0:00:00.000545
[2022-08-21T23:16:17Z] DEBUG    - Results from rule E2541 are []: 
[2022-08-21T23:16:17Z] DEBUG    - Starting match function for rule E2540 at 2022-08-21 17:16:17.327222
[2022-08-21T23:16:17Z] DEBUG    - Get Properties from a resource: ['AWS::CodePipeline::Pipeline']
[2022-08-21T23:16:17Z] DEBUG    - Get resources from template...
[2022-08-21T23:16:17Z] DEBUG    - Complete match function for rule E2540 at 2022-08-21 17:16:17.327805.  Ran in 0:00:00.000588
[2022-08-21T23:16:17Z] DEBUG    - Results from rule E2540 are []: 
[2022-08-21T23:16:17Z] DEBUG    - Starting match function for rule E3042 at 2022-08-21 17:16:17.328167
[2022-08-21T23:16:17Z] DEBUG    - Get Properties from a resource: ['AWS::ECS::TaskDefinition', 'ContainerDefinitions']
[2022-08-21T23:16:17Z] DEBUG    - Get resources from template...
[2022-08-21T23:16:17Z] DEBUG    - Complete match function for rule E3042 at 2022-08-21 17:16:17.328886.  Ran in 0:00:00.000726
[2022-08-21T23:16:17Z] DEBUG    - Results from rule E3042 are []: 
[2022-08-21T23:16:17Z] DEBUG    - Starting match function for rule E2504 at 2022-08-21 17:16:17.329383
[2022-08-21T23:16:17Z] DEBUG    - Get Properties from a resource: ['AWS::EC2::Instance', 'BlockDeviceMappings']
[2022-08-21T23:16:17Z] DEBUG    - Get resources from template...
[2022-08-21T23:16:17Z] DEBUG    - Get Properties from a resource: ['AWS::AutoScaling::LaunchConfiguration', 'BlockDeviceMappings']
[2022-08-21T23:16:17Z] DEBUG    - Get resources from template...
[2022-08-21T23:16:17Z] DEBUG    - Complete match function for rule E2504 at 2022-08-21 17:16:17.330884.  Ran in 0:00:00.001508
[2022-08-21T23:16:17Z] DEBUG    - Results from rule E2504 are []: 
[2022-08-21T23:16:17Z] DEBUG    - Starting match function for rule E3022 at 2022-08-21 17:16:17.331253
[2022-08-21T23:16:17Z] DEBUG    - Get resources from template...
[2022-08-21T23:16:17Z] DEBUG    - Complete match function for rule E3022 at 2022-08-21 17:16:17.331629.  Ran in 0:00:00.000381
[2022-08-21T23:16:17Z] DEBUG    - Results from rule E3022 are []: 
[2022-08-21T23:16:17Z] DEBUG    - Starting match function for rule E2506 at 2022-08-21 17:16:17.331990
[2022-08-21T23:16:17Z] DEBUG    - Get resources from template...
[2022-08-21T23:16:17Z] DEBUG    - Get resources from template...
[2022-08-21T23:16:17Z] DEBUG    - Complete match function for rule E2506 at 2022-08-21 17:16:17.332506.  Ran in 0:00:00.000521
[2022-08-21T23:16:17Z] DEBUG    - Results from rule E2506 are []: 
[2022-08-21T23:16:17Z] DEBUG    - Starting match function for rule E2503 at 2022-08-21 17:16:17.332857
[2022-08-21T23:16:17Z] DEBUG    - Get Properties from a resource: ['AWS::ElasticLoadBalancingV2::Listener']
[2022-08-21T23:16:17Z] DEBUG    - Get resources from template...
[2022-08-21T23:16:17Z] DEBUG    - Get Properties from a resource: ['AWS::ElasticLoadBalancing::LoadBalancer', 'Listeners']
[2022-08-21T23:16:17Z] DEBUG    - Get resources from template...
[2022-08-21T23:16:17Z] DEBUG    - Complete match function for rule E2503 at 2022-08-21 17:16:17.333726.  Ran in 0:00:00.000874
[2022-08-21T23:16:17Z] DEBUG    - Results from rule E2503 are []: 
[2022-08-21T23:16:17Z] DEBUG    - Starting match function for rule E2529 at 2022-08-21 17:16:17.334109
[2022-08-21T23:16:17Z] DEBUG    - Get resources from template...
[2022-08-21T23:16:17Z] DEBUG    - Complete match function for rule E2529 at 2022-08-21 17:16:17.334470.  Ran in 0:00:00.000365
[2022-08-21T23:16:17Z] DEBUG    - Results from rule E2529 are []: 
[2022-08-21T23:16:17Z] DEBUG    - Starting match function for rule W2506 at 2022-08-21 17:16:17.334819
[2022-08-21T23:16:17Z] DEBUG    - Search for key ImageId as far down as the template goes
[2022-08-21T23:16:17Z] DEBUG    - Complete match function for rule W2506 at 2022-08-21 17:16:17.335214.  Ran in 0:00:00.000399
[2022-08-21T23:16:17Z] DEBUG    - Results from rule W2506 are []: 
[2022-08-21T23:16:17Z] DEBUG    - Starting match function for rule W2501 at 2022-08-21 17:16:17.335564
[2022-08-21T23:16:17Z] DEBUG    - Get names of all parameters from template...
[2022-08-21T23:16:17Z] DEBUG    - Search for key AccountPassword as far down as the template goes
[2022-08-21T23:16:17Z] DEBUG    - Search for key AdminPassword as far down as the template goes
[2022-08-21T23:16:17Z] DEBUG    - Search for key ADDomainJoinPassword as far down as the template goes
[2022-08-21T23:16:17Z] DEBUG    - Search for key CrossRealmTrustPrincipalPassword as far down as the template goes
[2022-08-21T23:16:17Z] DEBUG    - Search for key KdcAdminPassword as far down as the template goes
[2022-08-21T23:16:17Z] DEBUG    - Search for key Password as far down as the template goes
[2022-08-21T23:16:17Z] DEBUG    - Search for key DbPassword as far down as the template goes
[2022-08-21T23:16:17Z] DEBUG    - Search for key MasterUserPassword as far down as the template goes
[2022-08-21T23:16:17Z] DEBUG    - Search for key PasswordParam as far down as the template goes
[2022-08-21T23:16:17Z] DEBUG    - Complete match function for rule W2501 at 2022-08-21 17:16:17.337555.  Ran in 0:00:00.001998
[2022-08-21T23:16:17Z] DEBUG    - Results from rule W2501 are []: 
[2022-08-21T23:16:17Z] DEBUG    - Starting match function for rule E3002 at 2022-08-21 17:16:17.337922
[2022-08-21T23:16:17Z] DEBUG    - Get names of all parameters from template...
[2022-08-21T23:16:17Z] DEBUG    - Get resources from template...
[2022-08-21T23:16:17Z] DEBUG    - Complete match function for rule E3002 at 2022-08-21 17:16:17.338470.  Ran in 0:00:00.000553
[2022-08-21T23:16:17Z] DEBUG    - Results from rule E3002 are []: 
[2022-08-21T23:16:17Z] DEBUG    - Starting match function for rule E3003 at 2022-08-21 17:16:17.338833
[2022-08-21T23:16:17Z] DEBUG    - Get resources from template...
[2022-08-21T23:16:17Z] DEBUG    - Complete match function for rule E3003 at 2022-08-21 17:16:17.339183.  Ran in 0:00:00.000354
[2022-08-21T23:16:17Z] DEBUG    - Results from rule E3003 are []: 
[2022-08-21T23:16:17Z] DEBUG    - Starting match function for rule E3025 at 2022-08-21 17:16:17.339535
[2022-08-21T23:16:17Z] DEBUG    - Get resources from template...
[2022-08-21T23:16:17Z] DEBUG    - Complete match function for rule E3025 at 2022-08-21 17:16:17.339904.  Ran in 0:00:00.000373
[2022-08-21T23:16:17Z] DEBUG    - Results from rule E3025 are []: 
[2022-08-21T23:16:17Z] DEBUG    - Starting match function for rule E3020 at 2022-08-21 17:16:17.340419
[2022-08-21T23:16:17Z] DEBUG    - Get resources from template...
[2022-08-21T23:16:17Z] DEBUG    - Get Properties from a resource: ['AWS::Route53::RecordSetGroup', 'RecordSets']
[2022-08-21T23:16:17Z] DEBUG    - Get resources from template...
[2022-08-21T23:16:17Z] DEBUG    - Complete match function for rule E3020 at 2022-08-21 17:16:17.341196.  Ran in 0:00:00.000784
[2022-08-21T23:16:17Z] DEBUG    - Results from rule E3020 are []: 
[2022-08-21T23:16:17Z] DEBUG    - Starting match function for rule E3016 at 2022-08-21 17:16:17.341545
[2022-08-21T23:16:17Z] DEBUG    - Get resources from template...
[2022-08-21T23:16:17Z] DEBUG    - Complete match function for rule E3016 at 2022-08-21 17:16:17.342508.  Ran in 0:00:00.000977
[2022-08-21T23:16:17Z] DEBUG    - Results from rule E3016 are []: 
[2022-08-21T23:16:17Z] DEBUG    - Starting match function for rule E1001 at 2022-08-21 17:16:17.343376
[2022-08-21T23:16:17Z] DEBUG    - Complete match function for rule E1001 at 2022-08-21 17:16:17.343798.  Ran in 0:00:00.000491
[2022-08-21T23:16:17Z] DEBUG    - Results from rule E1001 are []: 
[2022-08-21T23:16:17Z] DEBUG    - Starting match function for rule E1004 at 2022-08-21 17:16:17.344615
[2022-08-21T23:16:17Z] DEBUG    - Complete match function for rule E1004 at 2022-08-21 17:16:17.344875.  Ran in 0:00:00.000264
[2022-08-21T23:16:17Z] DEBUG    - Results from rule E1004 are []: 
[2022-08-21T23:16:17Z] DEBUG    - Starting match function for rule E1003 at 2022-08-21 17:16:17.345398
[2022-08-21T23:16:17Z] DEBUG    - Complete match function for rule E1003 at 2022-08-21 17:16:17.345730.  Ran in 0:00:00.000336
[2022-08-21T23:16:17Z] DEBUG    - Results from rule E1003 are []: 
[2022-08-21T23:16:17Z] DEBUG    - Starting match function for rule E1002 at 2022-08-21 17:16:17.346165
[2022-08-21T23:16:17Z] DEBUG    - Complete match function for rule E1002 at 2022-08-21 17:16:17.348405.  Ran in 0:00:00.002250
[2022-08-21T23:16:17Z] DEBUG    - Results from rule E1002 are []: 
[2022-08-21T23:16:17Z] DEBUG    - Get resources from template...
[2022-08-21T23:16:17Z] DEBUG    - Starting match function for rule E1027 at 2022-08-21 17:16:17.349130
[2022-08-21T23:16:17Z] DEBUG    - Check value ManagedPolicyName for {'ManagedPolicyName': {'Fn::Sub': ['${Prefix}-DynamoDBScannerPolicy', {'Prefix': {'Ref': 'NamePrefix'}}]}, 'PolicyDocument': {'Version': '2012-10-17', 'Statement': [{'Effect': 'Allow', 'Action': ['dynamodb:Scan'], 'Resource': {'Ref': 'TableArn'}}]}}
[2022-08-21T23:16:17Z] DEBUG    - Get the value for key ManagedPolicyName in {'ManagedPolicyName': {'Fn::Sub': ['${Prefix}-DynamoDBScannerPolicy', {'Prefix': {'Ref': 'NamePrefix'}}]}, 'PolicyDocument': {'Version': '2012-10-17', 'Statement': [{'Effect': 'Allow', 'Action': ['dynamodb:Scan'], 'Resource': {'Ref': 'TableArn'}}]}}
[2022-08-21T23:16:17Z] DEBUG    - Check value PolicyDocument for {'ManagedPolicyName': {'Fn::Sub': ['${Prefix}-DynamoDBScannerPolicy', {'Prefix': {'Ref': 'NamePrefix'}}]}, 'PolicyDocument': {'Version': '2012-10-17', 'Statement': [{'Effect': 'Allow', 'Action': ['dynamodb:Scan'], 'Resource': {'Ref': 'TableArn'}}]}}
[2022-08-21T23:16:17Z] DEBUG    - Get the value for key PolicyDocument in {'ManagedPolicyName': {'Fn::Sub': ['${Prefix}-DynamoDBScannerPolicy', {'Prefix': {'Ref': 'NamePrefix'}}]}, 'PolicyDocument': {'Version': '2012-10-17', 'Statement': [{'Effect': 'Allow', 'Action': ['dynamodb:Scan'], 'Resource': {'Ref': 'TableArn'}}]}}
[2022-08-21T23:16:17Z] DEBUG    - Complete match function for rule E1027 at 2022-08-21 17:16:17.350179.  Ran in 0:00:00.001056
[2022-08-21T23:16:17Z] DEBUG    - Results from rule E1027 are []: 
[2022-08-21T23:16:17Z] DEBUG    - Starting match function for rule W2031 at 2022-08-21 17:16:17.350619
[2022-08-21T23:16:17Z] DEBUG    - Check value PolicyDocument for {'ManagedPolicyName': {'Fn::Sub': ['${Prefix}-DynamoDBScannerPolicy', {'Prefix': {'Ref': 'NamePrefix'}}]}, 'PolicyDocument': {'Version': '2012-10-17', 'Statement': [{'Effect': 'Allow', 'Action': ['dynamodb:Scan'], 'Resource': {'Ref': 'TableArn'}}]}}
[2022-08-21T23:16:17Z] DEBUG    - Get the value for key PolicyDocument in {'ManagedPolicyName': {'Fn::Sub': ['${Prefix}-DynamoDBScannerPolicy', {'Prefix': {'Ref': 'NamePrefix'}}]}, 'PolicyDocument': {'Version': '2012-10-17', 'Statement': [{'Effect': 'Allow', 'Action': ['dynamodb:Scan'], 'Resource': {'Ref': 'TableArn'}}]}}
[2022-08-21T23:16:17Z] DEBUG    - Complete match function for rule W2031 at 2022-08-21 17:16:17.351352.  Ran in 0:00:00.000740
[2022-08-21T23:16:17Z] DEBUG    - Results from rule W2031 are []: 
[2022-08-21T23:16:17Z] DEBUG    - Starting match function for rule W2030 at 2022-08-21 17:16:17.351756
[2022-08-21T23:16:17Z] DEBUG    - Check value PolicyDocument for {'ManagedPolicyName': {'Fn::Sub': ['${Prefix}-DynamoDBScannerPolicy', {'Prefix': {'Ref': 'NamePrefix'}}]}, 'PolicyDocument': {'Version': '2012-10-17', 'Statement': [{'Effect': 'Allow', 'Action': ['dynamodb:Scan'], 'Resource': {'Ref': 'TableArn'}}]}}
[2022-08-21T23:16:17Z] DEBUG    - Get the value for key PolicyDocument in {'ManagedPolicyName': {'Fn::Sub': ['${Prefix}-DynamoDBScannerPolicy', {'Prefix': {'Ref': 'NamePrefix'}}]}, 'PolicyDocument': {'Version': '2012-10-17', 'Statement': [{'Effect': 'Allow', 'Action': ['dynamodb:Scan'], 'Resource': {'Ref': 'TableArn'}}]}}
[2022-08-21T23:16:17Z] DEBUG    - Complete match function for rule W2030 at 2022-08-21 17:16:17.352325.  Ran in 0:00:00.000574
[2022-08-21T23:16:17Z] DEBUG    - Results from rule W2030 are []: 
[2022-08-21T23:16:17Z] DEBUG    - Starting match function for rule E2507 at 2022-08-21 17:16:17.352733
[2022-08-21T23:16:17Z] DEBUG    - Check value PolicyDocument for {'ManagedPolicyName': {'Fn::Sub': ['${Prefix}-DynamoDBScannerPolicy', {'Prefix': {'Ref': 'NamePrefix'}}]}, 'PolicyDocument': {'Version': '2012-10-17', 'Statement': [{'Effect': 'Allow', 'Action': ['dynamodb:Scan'], 'Resource': {'Ref': 'TableArn'}}]}}
[2022-08-21T23:16:17Z] DEBUG    - Get the value for key PolicyDocument in {'ManagedPolicyName': {'Fn::Sub': ['${Prefix}-DynamoDBScannerPolicy', {'Prefix': {'Ref': 'NamePrefix'}}]}, 'PolicyDocument': {'Version': '2012-10-17', 'Statement': [{'Effect': 'Allow', 'Action': ['dynamodb:Scan'], 'Resource': {'Ref': 'TableArn'}}]}}
[2022-08-21T23:16:17Z] DEBUG    - Complete match function for rule E2507 at 2022-08-21 17:16:17.353320.  Ran in 0:00:00.000592
[2022-08-21T23:16:17Z] DEBUG    - Results from rule E2507 are []: 
[2022-08-21T23:16:17Z] DEBUG    - Starting match function for rule W2511 at 2022-08-21 17:16:17.353673
[2022-08-21T23:16:17Z] DEBUG    - Check value PolicyDocument for {'ManagedPolicyName': {'Fn::Sub': ['${Prefix}-DynamoDBScannerPolicy', {'Prefix': {'Ref': 'NamePrefix'}}]}, 'PolicyDocument': {'Version': '2012-10-17', 'Statement': [{'Effect': 'Allow', 'Action': ['dynamodb:Scan'], 'Resource': {'Ref': 'TableArn'}}]}}
[2022-08-21T23:16:17Z] DEBUG    - Get the value for key PolicyDocument in {'ManagedPolicyName': {'Fn::Sub': ['${Prefix}-DynamoDBScannerPolicy', {'Prefix': {'Ref': 'NamePrefix'}}]}, 'PolicyDocument': {'Version': '2012-10-17', 'Statement': [{'Effect': 'Allow', 'Action': ['dynamodb:Scan'], 'Resource': {'Ref': 'TableArn'}}]}}
[2022-08-21T23:16:17Z] DEBUG    - Complete match function for rule W2511 at 2022-08-21 17:16:17.354331.  Ran in 0:00:00.000664
[2022-08-21T23:16:17Z] DEBUG    - Results from rule W2511 are []: 
[2022-08-21T23:16:17Z] DEBUG    - Starting match function for rule E3031 at 2022-08-21 17:16:17.354757
[2022-08-21T23:16:17Z] DEBUG    - Check value PolicyDocument for {'ManagedPolicyName': {'Fn::Sub': ['${Prefix}-DynamoDBScannerPolicy', {'Prefix': {'Ref': 'NamePrefix'}}]}, 'PolicyDocument': {'Version': '2012-10-17', 'Statement': [{'Effect': 'Allow', 'Action': ['dynamodb:Scan'], 'Resource': {'Ref': 'TableArn'}}]}}
[2022-08-21T23:16:17Z] DEBUG    - Get the value for key PolicyDocument in {'ManagedPolicyName': {'Fn::Sub': ['${Prefix}-DynamoDBScannerPolicy', {'Prefix': {'Ref': 'NamePrefix'}}]}, 'PolicyDocument': {'Version': '2012-10-17', 'Statement': [{'Effect': 'Allow', 'Action': ['dynamodb:Scan'], 'Resource': {'Ref': 'TableArn'}}]}}
[2022-08-21T23:16:17Z] DEBUG    - Complete match function for rule E3031 at 2022-08-21 17:16:17.355336.  Ran in 0:00:00.000584
[2022-08-21T23:16:17Z] DEBUG    - Results from rule E3031 are []: 
[2022-08-21T23:16:17Z] DEBUG    - Starting match function for rule E3030 at 2022-08-21 17:16:17.355703
[2022-08-21T23:16:17Z] DEBUG    - Check value PolicyDocument for {'ManagedPolicyName': {'Fn::Sub': ['${Prefix}-DynamoDBScannerPolicy', {'Prefix': {'Ref': 'NamePrefix'}}]}, 'PolicyDocument': {'Version': '2012-10-17', 'Statement': [{'Effect': 'Allow', 'Action': ['dynamodb:Scan'], 'Resource': {'Ref': 'TableArn'}}]}}
[2022-08-21T23:16:17Z] DEBUG    - Get the value for key PolicyDocument in {'ManagedPolicyName': {'Fn::Sub': ['${Prefix}-DynamoDBScannerPolicy', {'Prefix': {'Ref': 'NamePrefix'}}]}, 'PolicyDocument': {'Version': '2012-10-17', 'Statement': [{'Effect': 'Allow', 'Action': ['dynamodb:Scan'], 'Resource': {'Ref': 'TableArn'}}]}}
[2022-08-21T23:16:17Z] DEBUG    - Complete match function for rule E3030 at 2022-08-21 17:16:17.356269.  Ran in 0:00:00.000570
[2022-08-21T23:16:17Z] DEBUG    - Results from rule E3030 are []: 
[2022-08-21T23:16:17Z] DEBUG    - Starting match function for rule E3502 at 2022-08-21 17:16:17.356669
[2022-08-21T23:16:17Z] DEBUG    - Search for key Fn::If as far down as the template goes
[2022-08-21T23:16:17Z] DEBUG    - Complete match function for rule E3502 at 2022-08-21 17:16:17.357210.  Ran in 0:00:00.000546
[2022-08-21T23:16:17Z] DEBUG    - Results from rule E3502 are []: 
[2022-08-21T23:16:17Z] DEBUG    - Starting match function for rule E3037 at 2022-08-21 17:16:17.357591
[2022-08-21T23:16:17Z] DEBUG    - Complete match function for rule E3037 at 2022-08-21 17:16:17.357835.  Ran in 0:00:00.000247
[2022-08-21T23:16:17Z] DEBUG    - Results from rule E3037 are []: 
[2022-08-21T23:16:17Z] DEBUG    - Starting match function for rule E3032 at 2022-08-21 17:16:17.358195
[2022-08-21T23:16:17Z] DEBUG    - Complete match function for rule E3032 at 2022-08-21 17:16:17.358423.  Ran in 0:00:00.000231
[2022-08-21T23:16:17Z] DEBUG    - Results from rule E3032 are []: 
[2022-08-21T23:16:17Z] DEBUG    - Starting match function for rule E3034 at 2022-08-21 17:16:17.359103
[2022-08-21T23:16:17Z] DEBUG    - Complete match function for rule E3034 at 2022-08-21 17:16:17.359318.  Ran in 0:00:00.000218
[2022-08-21T23:16:17Z] DEBUG    - Results from rule E3034 are []: 
[2022-08-21T23:16:17Z] DEBUG    - Starting match function for rule E3003 at 2022-08-21 17:16:17.359686
[2022-08-21T23:16:17Z] DEBUG    - Complete match function for rule E3003 at 2022-08-21 17:16:17.359885.  Ran in 0:00:00.000201
[2022-08-21T23:16:17Z] DEBUG    - Results from rule E3003 are []: 
[2022-08-21T23:16:17Z] DEBUG    - Starting match function for rule E3033 at 2022-08-21 17:16:17.360241
[2022-08-21T23:16:17Z] DEBUG    - Complete match function for rule E3033 at 2022-08-21 17:16:17.360442.  Ran in 0:00:00.000205
[2022-08-21T23:16:17Z] DEBUG    - Results from rule E3033 are []: 
[2022-08-21T23:16:17Z] DEBUG    - Starting match function for rule E3012 at 2022-08-21 17:16:17.360814
[2022-08-21T23:16:17Z] DEBUG    - Check value ManagedPolicyName for {'ManagedPolicyName': {'Fn::Sub': ['${Prefix}-DynamoDBScannerPolicy', {'Prefix': {'Ref': 'NamePrefix'}}]}, 'PolicyDocument': {'Version': '2012-10-17', 'Statement': [{'Effect': 'Allow', 'Action': ['dynamodb:Scan'], 'Resource': {'Ref': 'TableArn'}}]}}
[2022-08-21T23:16:17Z] DEBUG    - Get the value for key ManagedPolicyName in {'ManagedPolicyName': {'Fn::Sub': ['${Prefix}-DynamoDBScannerPolicy', {'Prefix': {'Ref': 'NamePrefix'}}]}, 'PolicyDocument': {'Version': '2012-10-17', 'Statement': [{'Effect': 'Allow', 'Action': ['dynamodb:Scan'], 'Resource': {'Ref': 'TableArn'}}]}}
[2022-08-21T23:16:17Z] DEBUG    - Check value PolicyDocument for {'ManagedPolicyName': {'Fn::Sub': ['${Prefix}-DynamoDBScannerPolicy', {'Prefix': {'Ref': 'NamePrefix'}}]}, 'PolicyDocument': {'Version': '2012-10-17', 'Statement': [{'Effect': 'Allow', 'Action': ['dynamodb:Scan'], 'Resource': {'Ref': 'TableArn'}}]}}
[2022-08-21T23:16:17Z] DEBUG    - Get the value for key PolicyDocument in {'ManagedPolicyName': {'Fn::Sub': ['${Prefix}-DynamoDBScannerPolicy', {'Prefix': {'Ref': 'NamePrefix'}}]}, 'PolicyDocument': {'Version': '2012-10-17', 'Statement': [{'Effect': 'Allow', 'Action': ['dynamodb:Scan'], 'Resource': {'Ref': 'TableArn'}}]}}
[2022-08-21T23:16:17Z] DEBUG    - Complete match function for rule E3012 at 2022-08-21 17:16:17.361972.  Ran in 0:00:00.001167
[2022-08-21T23:16:17Z] DEBUG    - Results from rule E3012 are []: 
[2022-08-21T23:16:17Z] DEBUG    - Starting match function for rule E3008 at 2022-08-21 17:16:17.362482
[2022-08-21T23:16:17Z] DEBUG    - Check value PolicyDocument for {'ManagedPolicyName': {'Fn::Sub': ['${Prefix}-DynamoDBScannerPolicy', {'Prefix': {'Ref': 'NamePrefix'}}]}, 'PolicyDocument': {'Version': '2012-10-17', 'Statement': [{'Effect': 'Allow', 'Action': ['dynamodb:Scan'], 'Resource': {'Ref': 'TableArn'}}]}}
[2022-08-21T23:16:17Z] DEBUG    - Get the value for key PolicyDocument in {'ManagedPolicyName': {'Fn::Sub': ['${Prefix}-DynamoDBScannerPolicy', {'Prefix': {'Ref': 'NamePrefix'}}]}, 'PolicyDocument': {'Version': '2012-10-17', 'Statement': [{'Effect': 'Allow', 'Action': ['dynamodb:Scan'], 'Resource': {'Ref': 'TableArn'}}]}}
[2022-08-21T23:16:17Z] DEBUG    - Complete match function for rule E3008 at 2022-08-21 17:16:17.363167.  Ran in 0:00:00.000693
[2022-08-21T23:16:17Z] DEBUG    - Results from rule E3008 are []: 
[2022-08-21T23:16:17Z] DEBUG    - Get resources from template...
[2022-08-21T23:16:17Z] WARNING  - Module fragment is valid.
[2022-08-21T23:16:17Z] DEBUG    - Overwriting '/mnt/c/Users/evere/Documents/Proyectos/forcloudlabs/cfn-module/schema.json'
[2022-08-21T23:16:17Z] DEBUG    - overrides.json not found. Not writing to package.
[2022-08-21T23:16:17Z] DEBUG    - Packaging complete, uploading...
[2022-08-21T23:16:17Z] DEBUG    - Uploading to region 'us-east-1'
[2022-08-21T23:16:20Z] INFO     - Creating CloudFormationManagedUploadInfrastructure
[2022-08-21T23:16:23Z] DEBUG    - Waiting for stack 'arn:aws:cloudformation:us-east-1:501533612229:stack/CloudFormationManagedUploadInfrastructure/45d845d0-21a7-11ed-8b57-0e405bd76b77'
[2022-08-21T23:19:23Z] INFO     - CloudFormationManagedUploadInfrastructure stack was successfully created
[2022-08-21T23:19:24Z] DEBUG    - Uploading to 'cloudformationmanageduploadinfrast-artifactbucket-ug1tqnpaq7wc/myorg-iam-dynamodbscannerpolicyv1-module-2022-08-21T23-19-24.zip'...
[2022-08-21T23:19:24Z] DEBUG    - Upload complete
[2022-08-21T23:19:24Z] DEBUG    - Got S3 URL: s3://cloudformationmanageduploadinfrast-artifactbucket-ug1tqnpaq7wc/myorg-iam-dynamodbscannerpolicyv1-module-2022-08-21T23-19-24.zip
[2022-08-21T23:19:24Z] DEBUG    - Got Log Role: arn:aws:iam::501533612229:role/CloudFormationManagedUplo-LogAndMetricsDeliveryRol-UOU48YH0FPUA
[2022-08-21T23:19:25Z] WARNING  - Successfully submitted type. Waiting for registration with token '806a6151-50f2-4d10-8a45-c5954310a5e7' to complete.
[2022-08-21T23:19:56Z] WARNING  - Registration complete.
[2022-08-21T23:19:56Z] WARNING  - {'ProgressStatus': 'COMPLETE', 'Description': 'Deployment is currently in DEPLOY_STAGE of status COMPLETED', 'TypeArn': 'arn:aws:cloudformation:us-east-1:501533612229:type/module/MYORG-IAM-DynamoDBScannerPolicyV1-MODULE', 'TypeVersionArn': 'arn:aws:cloudformation:us-east-1:501533612229:type/module/MYORG-IAM-DynamoDBScannerPolicyV1-MODULE/00000001', 'ResponseMetadata': {'RequestId': '5f239acd-775a-431f-a727-5c55e6a1eb40', 'HTTPStatusCode': 200, 'HTTPHeaders': {'x-amzn-requestid': '5f239acd-775a-431f-a727-5c55e6a1eb40', 'content-type': 'text/xml', 'content-length': '713', 'date': 'Sun, 21 Aug 2022 23:19:58 GMT'}, 'RetryAttempts': 0}}
[2022-08-21T23:19:56Z] DEBUG    - Finished submit
